[2024-12-04 18:46:30] development.ERROR: SQLSTATE[08006] [7] could not translate host name "dbname='laravel'" to address: nodename nor servname provided, or not known (Connection: pgsql, SQL: create table "migrations" ("id" serial not null primary key, "migration" varchar(255) not null, "batch" integer not null)) {"exception":"[object] (Illuminate\\Database\\QueryException(code: 7): SQLSTATE[08006] [7] could not translate host name \"dbname='laravel'\" to address: nodename nor servname provided, or not known (Connection: pgsql, SQL: create table \"migrations\" (\"id\" serial not null primary key, \"migration\" varchar(255) not null, \"batch\" integer not null)) at /Users/bendo01/Sites/todo/vendor/illuminate/database/Connection.php:825)
[stacktrace]
#0 /Users/bendo01/Sites/todo/vendor/illuminate/database/Connection.php(979): Illuminate\\Database\\Connection->runQueryCallback('create table \"m...', Array, Object(Closure))
#1 /Users/bendo01/Sites/todo/vendor/illuminate/database/Connection.php(958): Illuminate\\Database\\Connection->tryAgainIfCausedByLostConnection(Object(Illuminate\\Database\\QueryException), 'create table \"m...', Array, Object(Closure))
#2 /Users/bendo01/Sites/todo/vendor/illuminate/database/Connection.php(781): Illuminate\\Database\\Connection->handleQueryException(Object(Illuminate\\Database\\QueryException), 'create table \"m...', Array, Object(Closure))
#3 /Users/bendo01/Sites/todo/vendor/illuminate/database/Connection.php(560): Illuminate\\Database\\Connection->run('create table \"m...', Array, Object(Closure))
#4 /Users/bendo01/Sites/todo/vendor/illuminate/database/Schema/Blueprint.php(117): Illuminate\\Database\\Connection->statement('create table \"m...')
#5 /Users/bendo01/Sites/todo/vendor/illuminate/database/Schema/Builder.php(564): Illuminate\\Database\\Schema\\Blueprint->build(Object(Illuminate\\Database\\PostgresConnection), Object(Illuminate\\Database\\Schema\\Grammars\\PostgresGrammar))
#6 /Users/bendo01/Sites/todo/vendor/illuminate/database/Schema/Builder.php(418): Illuminate\\Database\\Schema\\Builder->build(Object(Illuminate\\Database\\Schema\\Blueprint))
#7 /Users/bendo01/Sites/todo/vendor/illuminate/database/Migrations/DatabaseMigrationRepository.php(165): Illuminate\\Database\\Schema\\Builder->create('migrations', Object(Closure))
#8 /Users/bendo01/Sites/todo/vendor/illuminate/database/Console/Migrations/InstallCommand.php(56): Illuminate\\Database\\Migrations\\DatabaseMigrationRepository->createRepository()
#9 /Users/bendo01/Sites/todo/vendor/illuminate/container/BoundMethod.php(36): Illuminate\\Database\\Console\\Migrations\\InstallCommand->handle()
#10 /Users/bendo01/Sites/todo/vendor/illuminate/container/Util.php(43): Illuminate\\Container\\BoundMethod::Illuminate\\Container\\{closure}()
#11 /Users/bendo01/Sites/todo/vendor/illuminate/container/BoundMethod.php(95): Illuminate\\Container\\Util::unwrapIfClosure(Object(Closure))
#12 /Users/bendo01/Sites/todo/vendor/illuminate/container/BoundMethod.php(35): Illuminate\\Container\\BoundMethod::callBoundMethod(Object(LaravelZero\\Framework\\Application), Array, Object(Closure))
#13 /Users/bendo01/Sites/todo/vendor/illuminate/container/Container.php(694): Illuminate\\Container\\BoundMethod::call(Object(LaravelZero\\Framework\\Application), Array, Array, NULL)
#14 /Users/bendo01/Sites/todo/vendor/illuminate/console/Command.php(213): Illuminate\\Container\\Container->call(Array)
#15 /Users/bendo01/Sites/todo/vendor/symfony/console/Command/Command.php(279): Illuminate\\Console\\Command->execute(Object(Symfony\\Component\\Console\\Input\\ArgvInput), Object(Illuminate\\Console\\OutputStyle))
#16 /Users/bendo01/Sites/todo/vendor/illuminate/console/Command.php(182): Symfony\\Component\\Console\\Command\\Command->run(Object(Symfony\\Component\\Console\\Input\\ArgvInput), Object(Illuminate\\Console\\OutputStyle))
#17 /Users/bendo01/Sites/todo/vendor/symfony/console/Application.php(1094): Illuminate\\Console\\Command->run(Object(Symfony\\Component\\Console\\Input\\ArgvInput), Object(Symfony\\Component\\Console\\Output\\ConsoleOutput))
#18 /Users/bendo01/Sites/todo/vendor/symfony/console/Application.php(342): Symfony\\Component\\Console\\Application->doRunCommand(Object(Illuminate\\Database\\Console\\Migrations\\InstallCommand), Object(Symfony\\Component\\Console\\Input\\ArgvInput), Object(Symfony\\Component\\Console\\Output\\ConsoleOutput))
#19 /Users/bendo01/Sites/todo/vendor/symfony/console/Application.php(193): Symfony\\Component\\Console\\Application->doRun(Object(Symfony\\Component\\Console\\Input\\ArgvInput), Object(Symfony\\Component\\Console\\Output\\ConsoleOutput))
#20 /Users/bendo01/Sites/todo/vendor/laravel-zero/foundation/src/Illuminate/Foundation/Console/Kernel.php(196): Symfony\\Component\\Console\\Application->run(Object(Symfony\\Component\\Console\\Input\\ArgvInput), Object(Symfony\\Component\\Console\\Output\\ConsoleOutput))
#21 /Users/bendo01/Sites/todo/vendor/laravel-zero/framework/src/Kernel.php(111): Illuminate\\Foundation\\Console\\Kernel->handle(Object(Symfony\\Component\\Console\\Input\\ArgvInput), Object(Symfony\\Component\\Console\\Output\\ConsoleOutput))
#22 /Users/bendo01/Sites/todo/todo(35): LaravelZero\\Framework\\Kernel->handle(Object(Symfony\\Component\\Console\\Input\\ArgvInput), Object(Symfony\\Component\\Console\\Output\\ConsoleOutput))
#23 {main}

[previous exception] [object] (PDOException(code: 7): SQLSTATE[08006] [7] could not translate host name \"dbname='laravel'\" to address: nodename nor servname provided, or not known at /Users/bendo01/Sites/todo/vendor/illuminate/database/Connectors/Connector.php:66)
[stacktrace]
#0 /Users/bendo01/Sites/todo/vendor/illuminate/database/Connectors/Connector.php(66): PDO->__construct('pgsql:host=;dbn...', 'root', Object(SensitiveParameterValue), Array)
#1 /Users/bendo01/Sites/todo/vendor/illuminate/database/Connectors/Connector.php(85): Illuminate\\Database\\Connectors\\Connector->createPdoConnection('pgsql:host=;dbn...', 'root', Object(SensitiveParameterValue), Array)
#2 /Users/bendo01/Sites/todo/vendor/illuminate/database/Connectors/Connector.php(48): Illuminate\\Database\\Connectors\\Connector->tryAgainIfCausedByLostConnection(Object(PDOException), 'pgsql:host=;dbn...', 'root', Object(SensitiveParameterValue), Array)
#3 /Users/bendo01/Sites/todo/vendor/illuminate/database/Connectors/PostgresConnector.php(35): Illuminate\\Database\\Connectors\\Connector->createConnection('pgsql:host=;dbn...', Array, Array)
#4 /Users/bendo01/Sites/todo/vendor/illuminate/database/Connectors/ConnectionFactory.php(185): Illuminate\\Database\\Connectors\\PostgresConnector->connect(Array)
#5 [internal function]: Illuminate\\Database\\Connectors\\ConnectionFactory->Illuminate\\Database\\Connectors\\{closure}()
#6 /Users/bendo01/Sites/todo/vendor/illuminate/database/Connection.php(1231): call_user_func(Object(Closure))
#7 /Users/bendo01/Sites/todo/vendor/illuminate/database/Connection.php(565): Illuminate\\Database\\Connection->getPdo()
#8 /Users/bendo01/Sites/todo/vendor/illuminate/database/Connection.php(812): Illuminate\\Database\\Connection->Illuminate\\Database\\{closure}('create table \"m...', Array)
#9 /Users/bendo01/Sites/todo/vendor/illuminate/database/Connection.php(979): Illuminate\\Database\\Connection->runQueryCallback('create table \"m...', Array, Object(Closure))
#10 /Users/bendo01/Sites/todo/vendor/illuminate/database/Connection.php(958): Illuminate\\Database\\Connection->tryAgainIfCausedByLostConnection(Object(Illuminate\\Database\\QueryException), 'create table \"m...', Array, Object(Closure))
#11 /Users/bendo01/Sites/todo/vendor/illuminate/database/Connection.php(781): Illuminate\\Database\\Connection->handleQueryException(Object(Illuminate\\Database\\QueryException), 'create table \"m...', Array, Object(Closure))
#12 /Users/bendo01/Sites/todo/vendor/illuminate/database/Connection.php(560): Illuminate\\Database\\Connection->run('create table \"m...', Array, Object(Closure))
#13 /Users/bendo01/Sites/todo/vendor/illuminate/database/Schema/Blueprint.php(117): Illuminate\\Database\\Connection->statement('create table \"m...')
#14 /Users/bendo01/Sites/todo/vendor/illuminate/database/Schema/Builder.php(564): Illuminate\\Database\\Schema\\Blueprint->build(Object(Illuminate\\Database\\PostgresConnection), Object(Illuminate\\Database\\Schema\\Grammars\\PostgresGrammar))
#15 /Users/bendo01/Sites/todo/vendor/illuminate/database/Schema/Builder.php(418): Illuminate\\Database\\Schema\\Builder->build(Object(Illuminate\\Database\\Schema\\Blueprint))
#16 /Users/bendo01/Sites/todo/vendor/illuminate/database/Migrations/DatabaseMigrationRepository.php(165): Illuminate\\Database\\Schema\\Builder->create('migrations', Object(Closure))
#17 /Users/bendo01/Sites/todo/vendor/illuminate/database/Console/Migrations/InstallCommand.php(56): Illuminate\\Database\\Migrations\\DatabaseMigrationRepository->createRepository()
#18 /Users/bendo01/Sites/todo/vendor/illuminate/container/BoundMethod.php(36): Illuminate\\Database\\Console\\Migrations\\InstallCommand->handle()
#19 /Users/bendo01/Sites/todo/vendor/illuminate/container/Util.php(43): Illuminate\\Container\\BoundMethod::Illuminate\\Container\\{closure}()
#20 /Users/bendo01/Sites/todo/vendor/illuminate/container/BoundMethod.php(95): Illuminate\\Container\\Util::unwrapIfClosure(Object(Closure))
#21 /Users/bendo01/Sites/todo/vendor/illuminate/container/BoundMethod.php(35): Illuminate\\Container\\BoundMethod::callBoundMethod(Object(LaravelZero\\Framework\\Application), Array, Object(Closure))
#22 /Users/bendo01/Sites/todo/vendor/illuminate/container/Container.php(694): Illuminate\\Container\\BoundMethod::call(Object(LaravelZero\\Framework\\Application), Array, Array, NULL)
#23 /Users/bendo01/Sites/todo/vendor/illuminate/console/Command.php(213): Illuminate\\Container\\Container->call(Array)
#24 /Users/bendo01/Sites/todo/vendor/symfony/console/Command/Command.php(279): Illuminate\\Console\\Command->execute(Object(Symfony\\Component\\Console\\Input\\ArgvInput), Object(Illuminate\\Console\\OutputStyle))
#25 /Users/bendo01/Sites/todo/vendor/illuminate/console/Command.php(182): Symfony\\Component\\Console\\Command\\Command->run(Object(Symfony\\Component\\Console\\Input\\ArgvInput), Object(Illuminate\\Console\\OutputStyle))
#26 /Users/bendo01/Sites/todo/vendor/symfony/console/Application.php(1094): Illuminate\\Console\\Command->run(Object(Symfony\\Component\\Console\\Input\\ArgvInput), Object(Symfony\\Component\\Console\\Output\\ConsoleOutput))
#27 /Users/bendo01/Sites/todo/vendor/symfony/console/Application.php(342): Symfony\\Component\\Console\\Application->doRunCommand(Object(Illuminate\\Database\\Console\\Migrations\\InstallCommand), Object(Symfony\\Component\\Console\\Input\\ArgvInput), Object(Symfony\\Component\\Console\\Output\\ConsoleOutput))
#28 /Users/bendo01/Sites/todo/vendor/symfony/console/Application.php(193): Symfony\\Component\\Console\\Application->doRun(Object(Symfony\\Component\\Console\\Input\\ArgvInput), Object(Symfony\\Component\\Console\\Output\\ConsoleOutput))
#29 /Users/bendo01/Sites/todo/vendor/laravel-zero/foundation/src/Illuminate/Foundation/Console/Kernel.php(196): Symfony\\Component\\Console\\Application->run(Object(Symfony\\Component\\Console\\Input\\ArgvInput), Object(Symfony\\Component\\Console\\Output\\ConsoleOutput))
#30 /Users/bendo01/Sites/todo/vendor/laravel-zero/framework/src/Kernel.php(111): Illuminate\\Foundation\\Console\\Kernel->handle(Object(Symfony\\Component\\Console\\Input\\ArgvInput), Object(Symfony\\Component\\Console\\Output\\ConsoleOutput))
#31 /Users/bendo01/Sites/todo/todo(35): LaravelZero\\Framework\\Kernel->handle(Object(Symfony\\Component\\Console\\Input\\ArgvInput), Object(Symfony\\Component\\Console\\Output\\ConsoleOutput))
#32 {main}
"} 
